# JRE version: Java(TM) SE Runtime Environment (7.0_75-b13) (build 1.7.0_75-b13)
# Java VM: Java HotSpot(TM) 64-Bit Server VM (24.75-b04 mixed mode bsd-amd64 compressed oops)
Heap
 PSYoungGen      total 241664K, used 84406K [0x00000007eaa80000, 0x00000007fdb00000, 0x0000000800000000)
  eden space 217600K, 27% used [0x00000007eaa80000,0x00000007ee5d2758,0x00000007f7f00000)
  from space 24064K, 98% used [0x00000007fc380000,0x00000007fda9b0e8,0x00000007fdb00000)
  to   space 37376K, 0% used [0x00000007f9200000,0x00000007f9200000,0x00000007fb680000)
 ParOldGen       total 155648K, used 86986K [0x00000007c0000000, 0x00000007c9800000, 0x00000007eaa80000)
  object space 155648K, 55% used [0x00000007c0000000,0x00000007c54f2ad0,0x00000007c9800000)
 PSPermGen       total 129536K, used 78944K [0x00000007b0000000, 0x00000007b7e80000, 0x00000007c0000000)
  object space 129536K, 60% used [0x00000007b0000000,0x00000007b4d18158,0x00000007b7e80000)
GC Heap History (10 events):
Event: 231.445 GC heap before
{Heap before GC invocations=17 (full 1):
 PSYoungGen      total 210944K, used 210641K [0x00000007eaa80000, 0x00000007fd300000, 0x0000000800000000)
  eden space 187904K, 100% used [0x00000007eaa80000,0x00000007f6200000,0x00000007f6200000)
  from space 23040K, 98% used [0x00000007fad00000,0x00000007fc334670,0x00000007fc380000)
  to   space 15872K, 0% used [0x00000007fc380000,0x00000007fc380000,0x00000007fd300000)
 ParOldGen       total 87040K, used 62862K [0x00000007c0000000, 0x00000007c5500000, 0x00000007eaa80000)
  object space 87040K, 72% used [0x00000007c0000000,0x00000007c3d63990,0x00000007c5500000)
 PSPermGen       total 95744K, used 68451K [0x00000007b0000000, 0x00000007b5d80000, 0x00000007c0000000)
  object space 95744K, 71% used [0x00000007b0000000,0x00000007b42d8ee0,0x00000007b5d80000)
Event: 231.485 GC heap after
Heap after GC invocations=17 (full 1):
 PSYoungGen      total 196096K, used 15853K [0x00000007eaa80000, 0x00000007fd300000, 0x0000000800000000)
  eden space 180224K, 0% used [0x00000007eaa80000,0x00000007eaa80000,0x00000007f5a80000)
  from space 15872K, 99% used [0x00000007fc380000,0x00000007fd2fb690,0x00000007fd300000)
  to   space 38400K, 0% used [0x00000007f8800000,0x00000007f8800000,0x00000007fad80000)
 ParOldGen       total 87040K, used 82971K [0x00000007c0000000, 0x00000007c5500000, 0x00000007eaa80000)
  object space 87040K, 95% used [0x00000007c0000000,0x00000007c5106ea0,0x00000007c5500000)
 PSPermGen       total 95744K, used 68451K [0x00000007b0000000, 0x00000007b5d80000, 0x00000007c0000000)
  object space 95744K, 71% used [0x00000007b0000000,0x00000007b42d8ee0,0x00000007b5d80000)
}
Event: 231.485 GC heap before
{Heap before GC invocations=18 (full 2):
 PSYoungGen      total 196096K, used 15853K [0x00000007eaa80000, 0x00000007fd300000, 0x0000000800000000)
  eden space 180224K, 0% used [0x00000007eaa80000,0x00000007eaa80000,0x00000007f5a80000)
  from space 15872K, 99% used [0x00000007fc380000,0x00000007fd2fb690,0x00000007fd300000)
  to   space 38400K, 0% used [0x00000007f8800000,0x00000007f8800000,0x00000007fad80000)
 ParOldGen       total 87040K, used 82971K [0x00000007c0000000, 0x00000007c5500000, 0x00000007eaa80000)
  object space 87040K, 95% used [0x00000007c0000000,0x00000007c5106ea0,0x00000007c5500000)
 PSPermGen       total 95744K, used 68451K [0x00000007b0000000, 0x00000007b5d80000, 0x00000007c0000000)
  object space 95744K, 71% used [0x00000007b0000000,0x00000007b42d8ee0,0x00000007b5d80000)
Event: 232.105 GC heap after
Heap after GC invocations=18 (full 2):
 PSYoungGen      total 196096K, used 0K [0x00000007eaa80000, 0x00000007fd300000, 0x0000000800000000)
  eden space 180224K, 0% used [0x00000007eaa80000,0x00000007eaa80000,0x00000007f5a80000)
  from space 15872K, 0% used [0x00000007fc380000,0x00000007fc380000,0x00000007fd300000)
  to   space 38400K, 0% used [0x00000007f8800000,0x00000007f8800000,0x00000007fad80000)
 ParOldGen       total 155648K, used 86643K [0x00000007c0000000, 0x00000007c9800000, 0x00000007eaa80000)
  object space 155648K, 55% used [0x00000007c0000000,0x00000007c549cfc8,0x00000007c9800000)
 PSPermGen       total 122880K, used 68333K [0x00000007b0000000, 0x00000007b7800000, 0x00000007c0000000)
  object space 122880K, 55% used [0x00000007b0000000,0x00000007b42bb668,0x00000007b7800000)
}
Event: 233.640 GC heap before
{Heap before GC invocations=19 (full 2):
 PSYoungGen      total 196096K, used 133687K [0x00000007eaa80000, 0x00000007fd300000, 0x0000000800000000)
  eden space 180224K, 74% used [0x00000007eaa80000,0x00000007f2d0dd28,0x00000007f5a80000)
  from space 15872K, 0% used [0x00000007fc380000,0x00000007fc380000,0x00000007fd300000)
  to   space 38400K, 0% used [0x00000007f8800000,0x00000007f8800000,0x00000007fad80000)
 ParOldGen       total 155648K, used 86643K [0x00000007c0000000, 0x00000007c9800000, 0x00000007eaa80000)
  object space 155648K, 55% used [0x00000007c0000000,0x00000007c549cfc8,0x00000007c9800000)
 PSPermGen       total 122880K, used 71118K [0x00000007b0000000, 0x00000007b7800000, 0x00000007c0000000)
  object space 122880K, 57% used [0x00000007b0000000,0x00000007b45738b8,0x00000007b7800000)
Event: 233.654 GC heap after
Heap after GC invocations=19 (full 2):
 PSYoungGen      total 265216K, used 12932K [0x00000007eaa80000, 0x00000007fe700000, 0x0000000800000000)
  eden space 226816K, 0% used [0x00000007eaa80000,0x00000007eaa80000,0x00000007f8800000)
  from space 38400K, 33% used [0x00000007f8800000,0x00000007f94a1028,0x00000007fad80000)
  to   space 36352K, 0% used [0x00000007fc380000,0x00000007fc380000,0x00000007fe700000)
 ParOldGen       total 155648K, used 86643K [0x00000007c0000000, 0x00000007c9800000, 0x00000007eaa80000)
  object space 155648K, 55% used [0x00000007c0000000,0x00000007c549cfc8,0x00000007c9800000)
 PSPermGen       total 122880K, used 71118K [0x00000007b0000000, 0x00000007b7800000, 0x00000007c0000000)
  object space 122880K, 57% used [0x00000007b0000000,0x00000007b45738b8,0x00000007b7800000)
}
Event: 233.654 GC heap before
{Heap before GC invocations=20 (full 3):
 PSYoungGen      total 265216K, used 12932K [0x00000007eaa80000, 0x00000007fe700000, 0x0000000800000000)
  eden space 226816K, 0% used [0x00000007eaa80000,0x00000007eaa80000,0x00000007f8800000)
  from space 38400K, 33% used [0x00000007f8800000,0x00000007f94a1028,0x00000007fad80000)
  to   space 36352K, 0% used [0x00000007fc380000,0x00000007fc380000,0x00000007fe700000)
 ParOldGen       total 155648K, used 86643K [0x00000007c0000000, 0x00000007c9800000, 0x00000007eaa80000)
  object space 155648K, 55% used [0x00000007c0000000,0x00000007c549cfc8,0x00000007c9800000)
 PSPermGen       total 122880K, used 71118K [0x00000007b0000000, 0x00000007b7800000, 0x00000007c0000000)
  object space 122880K, 57% used [0x00000007b0000000,0x00000007b45738b8,0x00000007b7800000)
Event: 234.289 GC heap after
Heap after GC invocations=20 (full 3):
 PSYoungGen      total 265216K, used 0K [0x00000007eaa80000, 0x00000007fe700000, 0x0000000800000000)
  eden space 226816K, 0% used [0x00000007eaa80000,0x00000007eaa80000,0x00000007f8800000)
  from space 38400K, 0% used [0x00000007f8800000,0x00000007f8800000,0x00000007fad80000)
  to   space 36352K, 0% used [0x00000007fc380000,0x00000007fc380000,0x00000007fe700000)
 ParOldGen       total 155648K, used 86986K [0x00000007c0000000, 0x00000007c9800000, 0x00000007eaa80000)
  object space 155648K, 55% used [0x00000007c0000000,0x00000007c54f2ad0,0x00000007c9800000)
 PSPermGen       total 129536K, used 71045K [0x00000007b0000000, 0x00000007b7e80000, 0x00000007c0000000)
  object space 129536K, 54% used [0x00000007b0000000,0x00000007b4561580,0x00000007b7e80000)
}
Event: 2925.696 GC heap before
{Heap before GC invocations=21 (full 3):
 PSYoungGen      total 265216K, used 226816K [0x00000007eaa80000, 0x00000007fe700000, 0x0000000800000000)
  eden space 226816K, 100% used [0x00000007eaa80000,0x00000007f8800000,0x00000007f8800000)
  from space 38400K, 0% used [0x00000007f8800000,0x00000007f8800000,0x00000007fad80000)
  to   space 36352K, 0% used [0x00000007fc380000,0x00000007fc380000,0x00000007fe700000)
 ParOldGen       total 155648K, used 86986K [0x00000007c0000000, 0x00000007c9800000, 0x00000007eaa80000)
  object space 155648K, 55% used [0x00000007c0000000,0x00000007c54f2ad0,0x00000007c9800000)
 PSPermGen       total 129536K, used 78155K [0x00000007b0000000, 0x00000007b7e80000, 0x00000007c0000000)
  object space 129536K, 60% used [0x00000007b0000000,0x00000007b4c52dd0,0x00000007b7e80000)
Event: 2925.724 GC heap after
Heap after GC invocations=21 (full 3):
 PSYoungGen      total 241664K, used 23660K [0x00000007eaa80000, 0x00000007fdb00000, 0x0000000800000000)
  eden space 217600K, 0% used [0x00000007eaa80000,0x00000007eaa80000,0x00000007f7f00000)
  from space 24064K, 98% used [0x00000007fc380000,0x00000007fda9b0e8,0x00000007fdb00000)
  to   space 37376K, 0% used [0x00000007f9200000,0x00000007f9200000,0x00000007fb680000)
 ParOldGen       total 155648K, used 86986K [0x00000007c0000000, 0x00000007c9800000, 0x00000007eaa80000)
  object space 155648K, 55% used [0x00000007c0000000,0x00000007c54f2ad0,0x00000007c9800000)
 PSPermGen       total 129536K, used 78155K [0x00000007b0000000, 0x00000007b7e80000, 0x00000007c0000000)
  object space 129536K, 60% used [0x00000007b0000000,0x00000007b4c52dd0,0x00000007b7e80000)
}

